debug: Mon, 18 Oct 2021 11:51:02 GMT
debug: Project: D:\CC3xExample
debug: Targets: editor,preview
debug: Incremental file seems great.
debug: Engine path: D:\CocosDashboard\resources\.editors\Creator\Creator\3.3.2\resources\resources\3d\engine
debug: Initializing target [Editor]
debug: Loading cache
debug: Loading cache costs 10.450099974870682ms.
debug: Engine features shipped in editor: base,gfx-webgl,gfx-webgl2,3d,2d,ui,particle,particle-2d,physics-framework,physics-2d-framework,intersection-2d,primitive,profiler,audio,video,terrain,webview,tween,tiled-map,spine,dragon-bones
debug: Initializing target [Preview]
debug: Loading cache
debug: Loading cache costs 7.491900026798248ms.
debug: Sync engine features: base,gfx-webgl,gfx-webgl2,3d,2d,ui,particle,physics-ammo,physics-2d-box2d,intersection-2d,primitive,profiler,particle-2d,audio,video,webview,tween,terrain,tiled-map,spine,dragon-bones
debug: Pulling asset-db.
debug: Fetch asset-db cost: 14.511399984359741ms.
debug: Build iteration starts.
Number of accumulated asset changes: 8
Feature changed: false
debug: Target(editor) build started.
debug: Detected change: cce:/internal/x/cc. Last mtime: Thu Jan 01 1970 04:00:05 GMT+0400 (GMT+04:00), Current mtime: Thu Jan 01 1970 04:00:07 GMT+0400 (GMT+04:00)
debug: Inspect cce:/internal/x/cc
debug: Resolve cce:/internal/x/cc-fu/base from cce:/internal/x/cc as external dependency cce:/internal/x/cc-fu/base.
debug: Resolve cce:/internal/x/cc-fu/gfx-webgl from cce:/internal/x/cc as external dependency cce:/internal/x/cc-fu/gfx-webgl.
debug: Resolve cce:/internal/x/cc-fu/gfx-webgl2 from cce:/internal/x/cc as external dependency cce:/internal/x/cc-fu/gfx-webgl2.
debug: Resolve cce:/internal/x/cc-fu/3d from cce:/internal/x/cc as external dependency cce:/internal/x/cc-fu/3d.
debug: Resolve cce:/internal/x/cc-fu/2d from cce:/internal/x/cc as external dependency cce:/internal/x/cc-fu/2d.
debug: Resolve cce:/internal/x/cc-fu/ui from cce:/internal/x/cc as external dependency cce:/internal/x/cc-fu/ui.
debug: Resolve cce:/internal/x/cc-fu/particle from cce:/internal/x/cc as external dependency cce:/internal/x/cc-fu/particle.
debug: Resolve cce:/internal/x/cc-fu/particle-2d from cce:/internal/x/cc as external dependency cce:/internal/x/cc-fu/particle-2d.
debug: Resolve cce:/internal/x/cc-fu/physics-framework from cce:/internal/x/cc as external dependency cce:/internal/x/cc-fu/physics-framework.
debug: Resolve cce:/internal/x/cc-fu/physics-2d-framework from cce:/internal/x/cc as external dependency cce:/internal/x/cc-fu/physics-2d-framework.
debug: Resolve cce:/internal/x/cc-fu/intersection-2d from cce:/internal/x/cc as external dependency cce:/internal/x/cc-fu/intersection-2d.
debug: Resolve cce:/internal/x/cc-fu/primitive from cce:/internal/x/cc as external dependency cce:/internal/x/cc-fu/primitive.
debug: Resolve cce:/internal/x/cc-fu/profiler from cce:/internal/x/cc as external dependency cce:/internal/x/cc-fu/profiler.
debug: Resolve cce:/internal/x/cc-fu/audio from cce:/internal/x/cc as external dependency cce:/internal/x/cc-fu/audio.
debug: Resolve cce:/internal/x/cc-fu/video from cce:/internal/x/cc as external dependency cce:/internal/x/cc-fu/video.
debug: Resolve cce:/internal/x/cc-fu/terrain from cce:/internal/x/cc as external dependency cce:/internal/x/cc-fu/terrain.
debug: Resolve cce:/internal/x/cc-fu/webview from cce:/internal/x/cc as external dependency cce:/internal/x/cc-fu/webview.
debug: Resolve cce:/internal/x/cc-fu/tween from cce:/internal/x/cc as external dependency cce:/internal/x/cc-fu/tween.
debug: Resolve cce:/internal/x/cc-fu/tiled-map from cce:/internal/x/cc as external dependency cce:/internal/x/cc-fu/tiled-map.
debug: Resolve cce:/internal/x/cc-fu/spine from cce:/internal/x/cc as external dependency cce:/internal/x/cc-fu/spine.
debug: Resolve cce:/internal/x/cc-fu/dragon-bones from cce:/internal/x/cc as external dependency cce:/internal/x/cc-fu/dragon-bones.
debug: Detected change: cce:/internal/x/prerequisite-imports. Last mtime: Fri Jan 02 1970 09:36:43 GMT+0400 (GMT+04:00), Current mtime: Thu Jan 01 1970 04:00:19 GMT+0400 (GMT+04:00)
debug: Inspect cce:/internal/x/prerequisite-imports
debug: Resolve file:///D:/CC3xExample/assets/cacse/ScrollView/BaseAdapter.ts from cce:/internal/x/prerequisite-imports as file:///D:/CC3xExample/assets/cacse/ScrollView/BaseAdapter.ts.
debug: Resolve file:///D:/CC3xExample/assets/MainScene.ts from cce:/internal/x/prerequisite-imports as file:///D:/CC3xExample/assets/MainScene.ts.
debug: Resolve file:///D:/CC3xExample/assets/cacse/ScrollView/BaseViewHolder.ts from cce:/internal/x/prerequisite-imports as file:///D:/CC3xExample/assets/cacse/ScrollView/BaseViewHolder.ts.
debug: Resolve file:///D:/CC3xExample/assets/cacse/ScrollView/ScrollViewScene.ts from cce:/internal/x/prerequisite-imports as file:///D:/CC3xExample/assets/cacse/ScrollView/ScrollViewScene.ts.
debug: Resolve file:///D:/CC3xExample/assets/cacse/ScrollView/RecyclerView.ts from cce:/internal/x/prerequisite-imports as file:///D:/CC3xExample/assets/cacse/ScrollView/RecyclerView.ts.
debug: Resolve file:///D:/CC3xExample/assets/cacse/ScrollView/TestAdapter.ts from cce:/internal/x/prerequisite-imports as file:///D:/CC3xExample/assets/cacse/ScrollView/TestAdapter.ts.
debug: Resolve file:///D:/CC3xExample/assets/cacse/ScrollView/TestViewHolder.ts from cce:/internal/x/prerequisite-imports as file:///D:/CC3xExample/assets/cacse/ScrollView/TestViewHolder.ts.
debug: Resolve file:///D:/CC3xExample/assets/cacse/ScrollView/TestViewHolder2.ts from cce:/internal/x/prerequisite-imports as file:///D:/CC3xExample/assets/cacse/ScrollView/TestViewHolder2.ts.
debug: Inspect file:///D:/CC3xExample/assets/cacse/ScrollView/BaseAdapter.ts
debug: Inspect file:///D:/CC3xExample/assets/MainScene.ts
debug: Inspect file:///D:/CC3xExample/assets/cacse/ScrollView/BaseViewHolder.ts
debug: Inspect file:///D:/CC3xExample/assets/cacse/ScrollView/ScrollViewScene.ts
debug: Inspect file:///D:/CC3xExample/assets/cacse/ScrollView/RecyclerView.ts
debug: Inspect file:///D:/CC3xExample/assets/cacse/ScrollView/TestAdapter.ts
debug: Inspect file:///D:/CC3xExample/assets/cacse/ScrollView/TestViewHolder.ts
debug: Inspect file:///D:/CC3xExample/assets/cacse/ScrollView/TestViewHolder2.ts
debug: Resolve cc from file:///D:/CC3xExample/assets/cacse/ScrollView/BaseViewHolder.ts as cce:/internal/x/cc.
debug: Resolve cc from file:///D:/CC3xExample/assets/cacse/ScrollView/BaseViewHolder.ts as cce:/internal/x/cc.
debug: Resolve cc from file:///D:/CC3xExample/assets/MainScene.ts as cce:/internal/x/cc.
debug: Resolve cc from file:///D:/CC3xExample/assets/MainScene.ts as cce:/internal/x/cc.
debug: Resolve cce:/internal/code-quality/cr.mjs from file:///D:/CC3xExample/assets/cacse/ScrollView/BaseAdapter.ts as cce:/internal/code-quality/cr.mjs.
debug: Resolve cc from file:///D:/CC3xExample/assets/cacse/ScrollView/BaseAdapter.ts as cce:/internal/x/cc.
debug: Resolve cc from file:///D:/CC3xExample/assets/cacse/ScrollView/BaseAdapter.ts as cce:/internal/x/cc.
debug: Detected change: cce:/internal/code-quality/cr.mjs. Last mtime: Sun Oct 17 2021 09:57:52 GMT+0400 (GMT+04:00), Current mtime: Mon Oct 18 2021 15:50:54 GMT+0400 (GMT+04:00)
debug: Inspect cce:/internal/code-quality/cr.mjs
debug: Resolve cce:/internal/code-quality/cr.mjs from file:///D:/CC3xExample/assets/cacse/ScrollView/ScrollViewScene.ts as cce:/internal/code-quality/cr.mjs.
debug: Resolve cc from file:///D:/CC3xExample/assets/cacse/ScrollView/ScrollViewScene.ts as cce:/internal/x/cc.
debug: Resolve cc from file:///D:/CC3xExample/assets/cacse/ScrollView/ScrollViewScene.ts as cce:/internal/x/cc.
debug: Resolve cce:/internal/code-quality/cr.mjs from file:///D:/CC3xExample/assets/cacse/ScrollView/TestViewHolder.ts as cce:/internal/code-quality/cr.mjs.
debug: Resolve cc from file:///D:/CC3xExample/assets/cacse/ScrollView/TestViewHolder.ts as cce:/internal/x/cc.
debug: Resolve cc from file:///D:/CC3xExample/assets/cacse/ScrollView/TestViewHolder.ts as cce:/internal/x/cc.
debug: Resolve cce:/internal/code-quality/cr.mjs from file:///D:/CC3xExample/assets/cacse/ScrollView/TestViewHolder2.ts as cce:/internal/code-quality/cr.mjs.
debug: Resolve cc from file:///D:/CC3xExample/assets/cacse/ScrollView/TestViewHolder2.ts as cce:/internal/x/cc.
debug: Resolve cc from file:///D:/CC3xExample/assets/cacse/ScrollView/TestViewHolder2.ts as cce:/internal/x/cc.
debug: Resolve cce:/internal/code-quality/cr.mjs from file:///D:/CC3xExample/assets/cacse/ScrollView/RecyclerView.ts as cce:/internal/code-quality/cr.mjs.
debug: Resolve cc from file:///D:/CC3xExample/assets/cacse/ScrollView/RecyclerView.ts as cce:/internal/x/cc.
debug: Resolve cc from file:///D:/CC3xExample/assets/cacse/ScrollView/RecyclerView.ts as cce:/internal/x/cc.
debug: Resolve ./RecyclerView from file:///D:/CC3xExample/assets/cacse/ScrollView/ScrollViewScene.ts as file:///D:/CC3xExample/assets/cacse/ScrollView/RecyclerView.ts.
debug: Resolve cce:/internal/code-quality/cr.mjs from file:///D:/CC3xExample/assets/cacse/ScrollView/TestAdapter.ts as cce:/internal/code-quality/cr.mjs.
debug: Resolve cc from file:///D:/CC3xExample/assets/cacse/ScrollView/TestAdapter.ts as cce:/internal/x/cc.
debug: Resolve cc from file:///D:/CC3xExample/assets/cacse/ScrollView/TestAdapter.ts as cce:/internal/x/cc.
debug: Resolve ./TestAdapter from file:///D:/CC3xExample/assets/cacse/ScrollView/ScrollViewScene.ts as file:///D:/CC3xExample/assets/cacse/ScrollView/TestAdapter.ts.
debug: Resolve ./BaseViewHolder from file:///D:/CC3xExample/assets/cacse/ScrollView/TestViewHolder.ts as file:///D:/CC3xExample/assets/cacse/ScrollView/BaseViewHolder.ts.
debug: Resolve ./TestViewHolder from file:///D:/CC3xExample/assets/cacse/ScrollView/TestAdapter.ts as file:///D:/CC3xExample/assets/cacse/ScrollView/TestViewHolder.ts.
debug: Resolve ./TestViewHolder2 from file:///D:/CC3xExample/assets/cacse/ScrollView/TestAdapter.ts as file:///D:/CC3xExample/assets/cacse/ScrollView/TestViewHolder2.ts.
debug: Resolve ./BaseAdapter from file:///D:/CC3xExample/assets/cacse/ScrollView/TestAdapter.ts as file:///D:/CC3xExample/assets/cacse/ScrollView/BaseAdapter.ts.
debug: Resolve ./BaseViewHolder from file:///D:/CC3xExample/assets/cacse/ScrollView/TestViewHolder2.ts as file:///D:/CC3xExample/assets/cacse/ScrollView/BaseViewHolder.ts.
debug: Target(editor) ends with cost 644.5893999934196ms.
debug: Target(preview) build started.
debug: Detected change: cce:/internal/x/cc. Last mtime: Thu Jan 01 1970 04:00:05 GMT+0400 (GMT+04:00), Current mtime: Thu Jan 01 1970 04:00:07 GMT+0400 (GMT+04:00)
debug: Inspect cce:/internal/x/cc
debug: Resolve cce:/internal/x/cc-fu/base from cce:/internal/x/cc as external dependency cce:/internal/x/cc-fu/base.
debug: Resolve cce:/internal/x/cc-fu/gfx-webgl from cce:/internal/x/cc as external dependency cce:/internal/x/cc-fu/gfx-webgl.
debug: Resolve cce:/internal/x/cc-fu/gfx-webgl2 from cce:/internal/x/cc as external dependency cce:/internal/x/cc-fu/gfx-webgl2.
debug: Resolve cce:/internal/x/cc-fu/3d from cce:/internal/x/cc as external dependency cce:/internal/x/cc-fu/3d.
debug: Resolve cce:/internal/x/cc-fu/2d from cce:/internal/x/cc as external dependency cce:/internal/x/cc-fu/2d.
debug: Resolve cce:/internal/x/cc-fu/ui from cce:/internal/x/cc as external dependency cce:/internal/x/cc-fu/ui.
debug: Resolve cce:/internal/x/cc-fu/particle from cce:/internal/x/cc as external dependency cce:/internal/x/cc-fu/particle.
debug: Resolve cce:/internal/x/cc-fu/physics-ammo from cce:/internal/x/cc as external dependency cce:/internal/x/cc-fu/physics-ammo.
debug: Resolve cce:/internal/x/cc-fu/physics-framework from cce:/internal/x/cc as external dependency cce:/internal/x/cc-fu/physics-framework.
debug: Resolve cce:/internal/x/cc-fu/wait-for-ammo-instantiation from cce:/internal/x/cc as external dependency cce:/internal/x/cc-fu/wait-for-ammo-instantiation.
debug: Resolve cce:/internal/x/cc-fu/physics-2d-box2d from cce:/internal/x/cc as external dependency cce:/internal/x/cc-fu/physics-2d-box2d.
debug: Resolve cce:/internal/x/cc-fu/physics-2d-framework from cce:/internal/x/cc as external dependency cce:/internal/x/cc-fu/physics-2d-framework.
debug: Resolve cce:/internal/x/cc-fu/intersection-2d from cce:/internal/x/cc as external dependency cce:/internal/x/cc-fu/intersection-2d.
debug: Resolve cce:/internal/x/cc-fu/primitive from cce:/internal/x/cc as external dependency cce:/internal/x/cc-fu/primitive.
debug: Resolve cce:/internal/x/cc-fu/profiler from cce:/internal/x/cc as external dependency cce:/internal/x/cc-fu/profiler.
debug: Resolve cce:/internal/x/cc-fu/particle-2d from cce:/internal/x/cc as external dependency cce:/internal/x/cc-fu/particle-2d.
debug: Resolve cce:/internal/x/cc-fu/audio from cce:/internal/x/cc as external dependency cce:/internal/x/cc-fu/audio.
debug: Resolve cce:/internal/x/cc-fu/video from cce:/internal/x/cc as external dependency cce:/internal/x/cc-fu/video.
debug: Resolve cce:/internal/x/cc-fu/webview from cce:/internal/x/cc as external dependency cce:/internal/x/cc-fu/webview.
debug: Resolve cce:/internal/x/cc-fu/tween from cce:/internal/x/cc as external dependency cce:/internal/x/cc-fu/tween.
debug: Resolve cce:/internal/x/cc-fu/terrain from cce:/internal/x/cc as external dependency cce:/internal/x/cc-fu/terrain.
debug: Resolve cce:/internal/x/cc-fu/tiled-map from cce:/internal/x/cc as external dependency cce:/internal/x/cc-fu/tiled-map.
debug: Resolve cce:/internal/x/cc-fu/spine from cce:/internal/x/cc as external dependency cce:/internal/x/cc-fu/spine.
debug: Resolve cce:/internal/x/cc-fu/dragon-bones from cce:/internal/x/cc as external dependency cce:/internal/x/cc-fu/dragon-bones.
debug: Detected change: cce:/internal/x/prerequisite-imports. Last mtime: Fri Jan 02 1970 09:36:43 GMT+0400 (GMT+04:00), Current mtime: Thu Jan 01 1970 04:00:20 GMT+0400 (GMT+04:00)
debug: Inspect cce:/internal/x/prerequisite-imports
debug: Resolve file:///D:/CC3xExample/assets/cacse/ScrollView/BaseAdapter.ts from cce:/internal/x/prerequisite-imports as file:///D:/CC3xExample/assets/cacse/ScrollView/BaseAdapter.ts.
debug: Resolve file:///D:/CC3xExample/assets/MainScene.ts from cce:/internal/x/prerequisite-imports as file:///D:/CC3xExample/assets/MainScene.ts.
debug: Resolve file:///D:/CC3xExample/assets/cacse/ScrollView/BaseViewHolder.ts from cce:/internal/x/prerequisite-imports as file:///D:/CC3xExample/assets/cacse/ScrollView/BaseViewHolder.ts.
debug: Resolve file:///D:/CC3xExample/assets/cacse/ScrollView/RecyclerView.ts from cce:/internal/x/prerequisite-imports as file:///D:/CC3xExample/assets/cacse/ScrollView/RecyclerView.ts.
debug: Resolve file:///D:/CC3xExample/assets/cacse/ScrollView/ScrollViewScene.ts from cce:/internal/x/prerequisite-imports as file:///D:/CC3xExample/assets/cacse/ScrollView/ScrollViewScene.ts.
debug: Resolve file:///D:/CC3xExample/assets/cacse/ScrollView/TestAdapter.ts from cce:/internal/x/prerequisite-imports as file:///D:/CC3xExample/assets/cacse/ScrollView/TestAdapter.ts.
debug: Resolve file:///D:/CC3xExample/assets/cacse/ScrollView/TestViewHolder.ts from cce:/internal/x/prerequisite-imports as file:///D:/CC3xExample/assets/cacse/ScrollView/TestViewHolder.ts.
debug: Resolve file:///D:/CC3xExample/assets/cacse/ScrollView/TestViewHolder2.ts from cce:/internal/x/prerequisite-imports as file:///D:/CC3xExample/assets/cacse/ScrollView/TestViewHolder2.ts.
debug: Inspect file:///D:/CC3xExample/assets/cacse/ScrollView/BaseAdapter.ts
debug: Inspect file:///D:/CC3xExample/assets/MainScene.ts
debug: Inspect file:///D:/CC3xExample/assets/cacse/ScrollView/BaseViewHolder.ts
debug: Inspect file:///D:/CC3xExample/assets/cacse/ScrollView/RecyclerView.ts
debug: Inspect file:///D:/CC3xExample/assets/cacse/ScrollView/ScrollViewScene.ts
debug: Inspect file:///D:/CC3xExample/assets/cacse/ScrollView/TestAdapter.ts
debug: Inspect file:///D:/CC3xExample/assets/cacse/ScrollView/TestViewHolder.ts
debug: Inspect file:///D:/CC3xExample/assets/cacse/ScrollView/TestViewHolder2.ts
debug: Resolve cce:/internal/code-quality/cr.mjs from file:///D:/CC3xExample/assets/cacse/ScrollView/BaseAdapter.ts as cce:/internal/code-quality/cr.mjs.
debug: Resolve cc from file:///D:/CC3xExample/assets/cacse/ScrollView/BaseAdapter.ts as cce:/internal/x/cc.
debug: Resolve cc from file:///D:/CC3xExample/assets/cacse/ScrollView/BaseAdapter.ts as cce:/internal/x/cc.
debug: Detected change: cce:/internal/code-quality/cr.mjs. Last mtime: Sun Oct 17 2021 09:57:52 GMT+0400 (GMT+04:00), Current mtime: Mon Oct 18 2021 15:50:54 GMT+0400 (GMT+04:00)
debug: Inspect cce:/internal/code-quality/cr.mjs
debug: Resolve cc from file:///D:/CC3xExample/assets/MainScene.ts as cce:/internal/x/cc.
debug: Resolve cc from file:///D:/CC3xExample/assets/MainScene.ts as cce:/internal/x/cc.
debug: Resolve cce:/internal/code-quality/cr.mjs from file:///D:/CC3xExample/assets/cacse/ScrollView/RecyclerView.ts as cce:/internal/code-quality/cr.mjs.
debug: Resolve cc from file:///D:/CC3xExample/assets/cacse/ScrollView/RecyclerView.ts as cce:/internal/x/cc.
debug: Resolve cc from file:///D:/CC3xExample/assets/cacse/ScrollView/RecyclerView.ts as cce:/internal/x/cc.
debug: Resolve cce:/internal/code-quality/cr.mjs from file:///D:/CC3xExample/assets/cacse/ScrollView/ScrollViewScene.ts as cce:/internal/code-quality/cr.mjs.
debug: Resolve cc from file:///D:/CC3xExample/assets/cacse/ScrollView/ScrollViewScene.ts as cce:/internal/x/cc.
debug: Resolve cc from file:///D:/CC3xExample/assets/cacse/ScrollView/ScrollViewScene.ts as cce:/internal/x/cc.
debug: Resolve cc from file:///D:/CC3xExample/assets/cacse/ScrollView/BaseViewHolder.ts as cce:/internal/x/cc.
debug: Resolve cc from file:///D:/CC3xExample/assets/cacse/ScrollView/BaseViewHolder.ts as cce:/internal/x/cc.
debug: Resolve cce:/internal/code-quality/cr.mjs from file:///D:/CC3xExample/assets/cacse/ScrollView/TestAdapter.ts as cce:/internal/code-quality/cr.mjs.
debug: Resolve cc from file:///D:/CC3xExample/assets/cacse/ScrollView/TestAdapter.ts as cce:/internal/x/cc.
debug: Resolve cc from file:///D:/CC3xExample/assets/cacse/ScrollView/TestAdapter.ts as cce:/internal/x/cc.
debug: Resolve cce:/internal/code-quality/cr.mjs from file:///D:/CC3xExample/assets/cacse/ScrollView/TestViewHolder.ts as cce:/internal/code-quality/cr.mjs.
debug: Resolve cc from file:///D:/CC3xExample/assets/cacse/ScrollView/TestViewHolder.ts as cce:/internal/x/cc.
debug: Resolve cc from file:///D:/CC3xExample/assets/cacse/ScrollView/TestViewHolder.ts as cce:/internal/x/cc.
debug: Resolve cce:/internal/code-quality/cr.mjs from file:///D:/CC3xExample/assets/cacse/ScrollView/TestViewHolder2.ts as cce:/internal/code-quality/cr.mjs.
debug: Resolve cc from file:///D:/CC3xExample/assets/cacse/ScrollView/TestViewHolder2.ts as cce:/internal/x/cc.
debug: Resolve cc from file:///D:/CC3xExample/assets/cacse/ScrollView/TestViewHolder2.ts as cce:/internal/x/cc.
debug: Resolve ./TestAdapter from file:///D:/CC3xExample/assets/cacse/ScrollView/ScrollViewScene.ts as file:///D:/CC3xExample/assets/cacse/ScrollView/TestAdapter.ts.
debug: Resolve ./RecyclerView from file:///D:/CC3xExample/assets/cacse/ScrollView/ScrollViewScene.ts as file:///D:/CC3xExample/assets/cacse/ScrollView/RecyclerView.ts.
debug: Resolve ./BaseAdapter from file:///D:/CC3xExample/assets/cacse/ScrollView/TestAdapter.ts as file:///D:/CC3xExample/assets/cacse/ScrollView/BaseAdapter.ts.
debug: Resolve ./TestViewHolder from file:///D:/CC3xExample/assets/cacse/ScrollView/TestAdapter.ts as file:///D:/CC3xExample/assets/cacse/ScrollView/TestViewHolder.ts.
debug: Resolve ./TestViewHolder2 from file:///D:/CC3xExample/assets/cacse/ScrollView/TestAdapter.ts as file:///D:/CC3xExample/assets/cacse/ScrollView/TestViewHolder2.ts.
debug: Resolve ./BaseViewHolder from file:///D:/CC3xExample/assets/cacse/ScrollView/TestViewHolder.ts as file:///D:/CC3xExample/assets/cacse/ScrollView/BaseViewHolder.ts.
debug: Resolve ./BaseViewHolder from file:///D:/CC3xExample/assets/cacse/ScrollView/TestViewHolder2.ts as file:///D:/CC3xExample/assets/cacse/ScrollView/BaseViewHolder.ts.
debug: Target(preview) ends with cost 613.7339999973774ms.
